<?xml version="1.0" encoding="UTF-8"?>
<testsuite name="com.nmbbank.billing.TestBillingRefferenceGeneratorService" time="0.013" tests="1" errors="1" skipped="0" failures="0">
  <properties>
[...]
</properties>
  <testcase name="initializationError" classname="com.nmbbank.billing.TestBillingRefferenceGeneratorService" time="0.013">
    <error message="Unable to find a @SpringBootConfiguration, you need to use @ContextConfiguration or @SpringBootTest(classes=...) with your test" type="java.lang.IllegalStateException"><![CDATA[java.lang.IllegalStateException: Unable to find a @SpringBootConfiguration, you need to use @ContextConfiguration or @SpringBootTest(classes=...) with your test
	at org.springframework.util.Assert.state(Assert.java:392)
	at org.springframework.boot.test.context.SpringBootTestContextBootstrapper.getOrFindConfigurationClasses(SpringBootTestContextBootstrapper.java:173)
	at org.springframework.boot.test.context.SpringBootTestContextBootstrapper.processMergedContextConfiguration(SpringBootTestContextBootstrapper.java:133)
	at org.springframework.test.context.support.AbstractTestContextBootstrapper.buildMergedContextConfiguration(AbstractTestContextBootstrapper.java:409)
	at org.springframework.test.context.support.AbstractTestContextBootstrapper.buildDefaultMergedContextConfiguration(AbstractTestContextBootstrapper.java:323)
	at org.springframework.test.context.support.AbstractTestContextBootstrapper.buildMergedContextConfiguration(AbstractTestContextBootstrapper.java:277)
	at org.springframework.test.context.support.AbstractTestContextBootstrapper.buildTestContext(AbstractTestContextBootstrapper.java:112)
	at org.springframework.boot.test.context.SpringBootTestContextBootstrapper.buildTestContext(SpringBootTestContextBootstrapper.java:78)
	at org.springframework.test.context.TestContextManager.<init>(TestContextManager.java:120)
	at org.springframework.test.context.TestContextManager.<init>(TestContextManager.java:105)
	at org.springframework.test.context.junit4.SpringJUnit4ClassRunner.createTestContextManager(SpringJUnit4ClassRunner.java:152)
	at org.springframework.test.context.junit4.SpringJUnit4ClassRunner.<init>(SpringJUnit4ClassRunner.java:143)
	at org.springframework.test.context.junit4.SpringRunner.<init>(SpringRunner.java:49)
	at sun.reflect.NativeConstructorAccessorImpl.newInstance0(Native Method)
	at sun.reflect.NativeConstructorAccessorImpl.newInstance(NativeConstructorAccessorImpl.java:62)
	at sun.reflect.DelegatingConstructorAccessorImpl.newInstance(DelegatingConstructorAccessorImpl.java:45)
	at java.lang.reflect.Constructor.newInstance(Constructor.java:423)
	at org.junit.internal.builders.AnnotatedBuilder.buildRunner(AnnotatedBuilder.java:104)
	at org.junit.internal.builders.AnnotatedBuilder.runnerForClass(AnnotatedBuilder.java:86)
	at org.junit.runners.model.RunnerBuilder.safeRunnerForClass(RunnerBuilder.java:59)
	at org.junit.internal.builders.AllDefaultPossibilitiesBuilder.runnerForClass(AllDefaultPossibilitiesBuilder.java:26)
	at org.junit.runners.model.RunnerBuilder.safeRunnerForClass(RunnerBuilder.java:59)
	at org.junit.internal.requests.ClassRequest.getRunner(ClassRequest.java:33)
	at org.apache.maven.surefire.junit4.JUnit4Provider.execute(JUnit4Provider.java:283)
	at org.apache.maven.surefire.junit4.JUnit4Provider.executeWithRerun(JUnit4Provider.java:173)
	at org.apache.maven.surefire.junit4.JUnit4Provider.executeTestSet(JUnit4Provider.java:153)
	at org.apache.maven.surefire.junit4.JUnit4Provider.invoke(JUnit4Provider.java:128)
	at org.apache.maven.surefire.booter.ForkedBooter.invokeProviderInSameClassLoader(ForkedBooter.java:203)
	at org.apache.maven.surefire.booter.ForkedBooter.runSuitesInProcess(ForkedBooter.java:155)
	at org.apache.maven.surefire.booter.ForkedBooter.main(ForkedBooter.java:103)
]]></error>
    <system-out><![CDATA[17:10:58.385 [main] DEBUG org.springframework.test.context.junit4.SpringJUnit4ClassRunner - SpringJUnit4ClassRunner constructor called with [class com.nmbbank.billing.TestBillingRefferenceGeneratorService]
17:10:58.399 [main] DEBUG org.springframework.test.context.BootstrapUtils - Instantiating CacheAwareContextLoaderDelegate from class [org.springframework.test.context.cache.DefaultCacheAwareContextLoaderDelegate]
17:10:58.412 [main] DEBUG org.springframework.test.context.BootstrapUtils - Instantiating BootstrapContext using constructor [public org.springframework.test.context.support.DefaultBootstrapContext(java.lang.Class,org.springframework.test.context.CacheAwareContextLoaderDelegate)]
17:10:58.440 [main] DEBUG org.springframework.test.context.BootstrapUtils - Instantiating TestContextBootstrapper for test class [com.nmbbank.billing.TestBillingRefferenceGeneratorService] from class [org.springframework.boot.test.context.SpringBootTestContextBootstrapper]
17:10:58.458 [main] INFO org.springframework.boot.test.context.SpringBootTestContextBootstrapper - Neither @ContextConfiguration nor @ContextHierarchy found for test class [com.nmbbank.billing.TestBillingRefferenceGeneratorService], using SpringBootContextLoader
17:10:58.463 [main] DEBUG org.springframework.test.context.support.AbstractContextLoader - Did not detect default resource location for test class [com.nmbbank.billing.TestBillingRefferenceGeneratorService]: class path resource [com/nmbbank/billing/TestBillingRefferenceGeneratorService-context.xml] does not exist
17:10:58.464 [main] DEBUG org.springframework.test.context.support.AbstractContextLoader - Did not detect default resource location for test class [com.nmbbank.billing.TestBillingRefferenceGeneratorService]: class path resource [com/nmbbank/billing/TestBillingRefferenceGeneratorServiceContext.groovy] does not exist
17:10:58.464 [main] INFO org.springframework.test.context.support.AbstractContextLoader - Could not detect default resource locations for test class [com.nmbbank.billing.TestBillingRefferenceGeneratorService]: no resource found for suffixes {-context.xml, Context.groovy}.
17:10:58.465 [main] INFO org.springframework.test.context.support.AnnotationConfigContextLoaderUtils - Could not detect default configuration classes for test class [com.nmbbank.billing.TestBillingRefferenceGeneratorService]: TestBillingRefferenceGeneratorService does not declare any static, non-private, non-final, nested classes annotated with @Configuration.
17:10:58.518 [main] DEBUG org.springframework.test.context.support.ActiveProfilesUtils - Could not find an 'annotation declaring class' for annotation type [org.springframework.test.context.ActiveProfiles] and class [com.nmbbank.billing.TestBillingRefferenceGeneratorService]
17:10:58.531 [main] DEBUG org.springframework.core.env.StandardEnvironment - Adding [systemProperties] PropertySource with lowest search precedence
17:10:58.533 [main] DEBUG org.springframework.core.env.StandardEnvironment - Adding [systemEnvironment] PropertySource with lowest search precedence
17:10:58.534 [main] DEBUG org.springframework.core.env.StandardEnvironment - Initialized StandardEnvironment with PropertySources [systemProperties,systemEnvironment]
17:10:58.550 [main] DEBUG org.springframework.core.io.support.PathMatchingResourcePatternResolver - Resolved classpath location [com/nmbbank/billing/] to resources [URL [file:/Users/paul.msegeya/Agile/Work-Projects/BillingAppEngine/target/test-classes/com/nmbbank/billing/]]
17:10:58.550 [main] DEBUG org.springframework.core.io.support.PathMatchingResourcePatternResolver - Looking for matching resources in directory tree [/Users/paul.msegeya/Agile/Work-Projects/BillingAppEngine/target/test-classes/com/nmbbank/billing]
17:10:58.551 [main] DEBUG org.springframework.core.io.support.PathMatchingResourcePatternResolver - Searching directory [/Users/paul.msegeya/Agile/Work-Projects/BillingAppEngine/target/test-classes/com/nmbbank/billing] for files matching pattern [/Users/paul.msegeya/Agile/Work-Projects/BillingAppEngine/target/test-classes/com/nmbbank/billing/*.class]
17:10:58.554 [main] DEBUG org.springframework.core.io.support.PathMatchingResourcePatternResolver - Resolved location pattern [classpath*:com/nmbbank/billing/*.class] to resources [file [/Users/paul.msegeya/Agile/Work-Projects/BillingAppEngine/target/test-classes/com/nmbbank/billing/TestAdviceGenerationService.class], file [/Users/paul.msegeya/Agile/Work-Projects/BillingAppEngine/target/test-classes/com/nmbbank/billing/TestBillingRefferenceGeneratorService.class]]
17:10:58.577 [main] DEBUG org.springframework.core.io.support.PathMatchingResourcePatternResolver - Resolved classpath location [com/nmbbank/] to resources [URL [file:/Users/paul.msegeya/Agile/Work-Projects/BillingAppEngine/target/test-classes/com/nmbbank/], URL [file:/Users/paul.msegeya/Agile/Work-Projects/BillingAppEngine/target/classes/com/nmbbank/]]
17:10:58.578 [main] DEBUG org.springframework.core.io.support.PathMatchingResourcePatternResolver - Looking for matching resources in directory tree [/Users/paul.msegeya/Agile/Work-Projects/BillingAppEngine/target/test-classes/com/nmbbank]
17:10:58.578 [main] DEBUG org.springframework.core.io.support.PathMatchingResourcePatternResolver - Searching directory [/Users/paul.msegeya/Agile/Work-Projects/BillingAppEngine/target/test-classes/com/nmbbank] for files matching pattern [/Users/paul.msegeya/Agile/Work-Projects/BillingAppEngine/target/test-classes/com/nmbbank/*.class]
17:10:58.579 [main] DEBUG org.springframework.core.io.support.PathMatchingResourcePatternResolver - Looking for matching resources in directory tree [/Users/paul.msegeya/Agile/Work-Projects/BillingAppEngine/target/classes/com/nmbbank]
17:10:58.579 [main] DEBUG org.springframework.core.io.support.PathMatchingResourcePatternResolver - Searching directory [/Users/paul.msegeya/Agile/Work-Projects/BillingAppEngine/target/classes/com/nmbbank] for files matching pattern [/Users/paul.msegeya/Agile/Work-Projects/BillingAppEngine/target/classes/com/nmbbank/*.class]
17:10:58.581 [main] DEBUG org.springframework.core.io.support.PathMatchingResourcePatternResolver - Resolved location pattern [classpath*:com/nmbbank/*.class] to resources []
17:10:58.582 [main] DEBUG org.springframework.core.io.support.PathMatchingResourcePatternResolver - Resolved classpath location [com/] to resources [URL [jar:file:/Library/Java/Extensions/mysql-connector-java-8.0.7-dmr.jar!/com/], URL [jar:file:/System/Library/Java/Extensions/MRJToolkit.jar!/com/], URL [file:/Users/paul.msegeya/Agile/Work-Projects/BillingAppEngine/target/test-classes/com/], URL [file:/Users/paul.msegeya/Agile/Work-Projects/BillingAppEngine/target/classes/com/], URL [jar:file:/Users/paul.msegeya/.m2/repository/com/jayway/jsonpath/json-path/2.2.0/json-path-2.2.0.jar!/com/], URL [jar:file:/Users/paul.msegeya/.m2/repository/com/fasterxml/jackson/dataformat/jackson-dataformat-xml/2.7.5/jackson-dataformat-xml-2.7.5.jar!/com/], URL [jar:file:/Users/paul.msegeya/.m2/repository/com/fasterxml/jackson/core/jackson-core/2.8.5/jackson-core-2.8.5.jar!/com/], URL [jar:file:/Users/paul.msegeya/.m2/repository/com/fasterxml/jackson/core/jackson-annotations/2.8.5/jackson-annotations-2.8.5.jar!/com/], URL [jar:file:/Users/paul.msegeya/.m2/repository/com/fasterxml/jackson/core/jackson-databind/2.8.5/jackson-databind-2.8.5.jar!/com/], URL [jar:file:/Users/paul.msegeya/.m2/repository/com/fasterxml/jackson/module/jackson-module-jaxb-annotations/2.8.5/jackson-module-jaxb-annotations-2.8.5.jar!/com/], URL [jar:file:/Users/paul.msegeya/.m2/repository/org/projectlombok/lombok/1.16.18/lombok-1.16.18.jar!/com/]]
17:10:58.583 [main] DEBUG org.springframework.core.io.support.PathMatchingResourcePatternResolver - Looking for matching resources in jar file [file:/Library/Java/Extensions/mysql-connector-java-8.0.7-dmr.jar]
17:10:58.615 [main] DEBUG org.springframework.core.io.support.PathMatchingResourcePatternResolver - Looking for matching resources in jar file [file:/System/Library/Java/Extensions/MRJToolkit.jar]
17:10:58.616 [main] DEBUG org.springframework.core.io.support.PathMatchingResourcePatternResolver - Looking for matching resources in directory tree [/Users/paul.msegeya/Agile/Work-Projects/BillingAppEngine/target/test-classes/com]
17:10:58.616 [main] DEBUG org.springframework.core.io.support.PathMatchingResourcePatternResolver - Searching directory [/Users/paul.msegeya/Agile/Work-Projects/BillingAppEngine/target/test-classes/com] for files matching pattern [/Users/paul.msegeya/Agile/Work-Projects/BillingAppEngine/target/test-classes/com/*.class]
17:10:58.617 [main] DEBUG org.springframework.core.io.support.PathMatchingResourcePatternResolver - Looking for matching resources in directory tree [/Users/paul.msegeya/Agile/Work-Projects/BillingAppEngine/target/classes/com]
17:10:58.617 [main] DEBUG org.springframework.core.io.support.PathMatchingResourcePatternResolver - Searching directory [/Users/paul.msegeya/Agile/Work-Projects/BillingAppEngine/target/classes/com] for files matching pattern [/Users/paul.msegeya/Agile/Work-Projects/BillingAppEngine/target/classes/com/*.class]
17:10:58.618 [main] DEBUG org.springframework.core.io.support.PathMatchingResourcePatternResolver - Looking for matching resources in jar file [file:/Users/paul.msegeya/.m2/repository/com/jayway/jsonpath/json-path/2.2.0/json-path-2.2.0.jar]
17:10:58.621 [main] DEBUG org.springframework.core.io.support.PathMatchingResourcePatternResolver - Looking for matching resources in jar file [file:/Users/paul.msegeya/.m2/repository/com/fasterxml/jackson/dataformat/jackson-dataformat-xml/2.7.5/jackson-dataformat-xml-2.7.5.jar]
17:10:58.622 [main] DEBUG org.springframework.core.io.support.PathMatchingResourcePatternResolver - Looking for matching resources in jar file [file:/Users/paul.msegeya/.m2/repository/com/fasterxml/jackson/core/jackson-core/2.8.5/jackson-core-2.8.5.jar]
17:10:58.624 [main] DEBUG org.springframework.core.io.support.PathMatchingResourcePatternResolver - Looking for matching resources in jar file [file:/Users/paul.msegeya/.m2/repository/com/fasterxml/jackson/core/jackson-annotations/2.8.5/jackson-annotations-2.8.5.jar]
17:10:58.625 [main] DEBUG org.springframework.core.io.support.PathMatchingResourcePatternResolver - Looking for matching resources in jar file [file:/Users/paul.msegeya/.m2/repository/com/fasterxml/jackson/core/jackson-databind/2.8.5/jackson-databind-2.8.5.jar]
17:10:58.630 [main] DEBUG org.springframework.core.io.support.PathMatchingResourcePatternResolver - Looking for matching resources in jar file [file:/Users/paul.msegeya/.m2/repository/com/fasterxml/jackson/module/jackson-module-jaxb-annotations/2.8.5/jackson-module-jaxb-annotations-2.8.5.jar]
17:10:58.631 [main] DEBUG org.springframework.core.io.support.PathMatchingResourcePatternResolver - Looking for matching resources in jar file [file:/Users/paul.msegeya/.m2/repository/org/projectlombok/lombok/1.16.18/lombok-1.16.18.jar]
17:10:58.633 [main] DEBUG org.springframework.core.io.support.PathMatchingResourcePatternResolver - Resolved location pattern [classpath*:com/*.class] to resources []
17:10:58.640 [main] DEBUG org.springframework.test.context.junit4.SpringJUnit4ClassRunner - SpringJUnit4ClassRunner constructor called with [class com.nmbbank.billing.TestBillingRefferenceGeneratorService]
17:10:58.641 [main] DEBUG org.springframework.test.context.BootstrapUtils - Instantiating CacheAwareContextLoaderDelegate from class [org.springframework.test.context.cache.DefaultCacheAwareContextLoaderDelegate]
17:10:58.641 [main] DEBUG org.springframework.test.context.BootstrapUtils - Instantiating BootstrapContext using constructor [public org.springframework.test.context.support.DefaultBootstrapContext(java.lang.Class,org.springframework.test.context.CacheAwareContextLoaderDelegate)]
17:10:58.642 [main] DEBUG org.springframework.test.context.BootstrapUtils - Instantiating TestContextBootstrapper for test class [com.nmbbank.billing.TestBillingRefferenceGeneratorService] from class [org.springframework.boot.test.context.SpringBootTestContextBootstrapper]
17:10:58.643 [main] INFO org.springframework.boot.test.context.SpringBootTestContextBootstrapper - Neither @ContextConfiguration nor @ContextHierarchy found for test class [com.nmbbank.billing.TestBillingRefferenceGeneratorService], using SpringBootContextLoader
17:10:58.644 [main] DEBUG org.springframework.test.context.support.AbstractContextLoader - Did not detect default resource location for test class [com.nmbbank.billing.TestBillingRefferenceGeneratorService]: class path resource [com/nmbbank/billing/TestBillingRefferenceGeneratorService-context.xml] does not exist
17:10:58.646 [main] DEBUG org.springframework.test.context.support.AbstractContextLoader - Did not detect default resource location for test class [com.nmbbank.billing.TestBillingRefferenceGeneratorService]: class path resource [com/nmbbank/billing/TestBillingRefferenceGeneratorServiceContext.groovy] does not exist
17:10:58.647 [main] INFO org.springframework.test.context.support.AbstractContextLoader - Could not detect default resource locations for test class [com.nmbbank.billing.TestBillingRefferenceGeneratorService]: no resource found for suffixes {-context.xml, Context.groovy}.
17:10:58.647 [main] INFO org.springframework.test.context.support.AnnotationConfigContextLoaderUtils - Could not detect default configuration classes for test class [com.nmbbank.billing.TestBillingRefferenceGeneratorService]: TestBillingRefferenceGeneratorService does not declare any static, non-private, non-final, nested classes annotated with @Configuration.
17:10:58.654 [main] DEBUG org.springframework.test.context.support.ActiveProfilesUtils - Could not find an 'annotation declaring class' for annotation type [org.springframework.test.context.ActiveProfiles] and class [com.nmbbank.billing.TestBillingRefferenceGeneratorService]
17:10:58.655 [main] DEBUG org.springframework.core.env.StandardEnvironment - Adding [systemProperties] PropertySource with lowest search precedence
17:10:58.655 [main] DEBUG org.springframework.core.env.StandardEnvironment - Adding [systemEnvironment] PropertySource with lowest search precedence
17:10:58.655 [main] DEBUG org.springframework.core.env.StandardEnvironment - Initialized StandardEnvironment with PropertySources [systemProperties,systemEnvironment]
17:10:58.656 [main] DEBUG org.springframework.core.io.support.PathMatchingResourcePatternResolver - Resolved classpath location [com/nmbbank/billing/] to resources [URL [file:/Users/paul.msegeya/Agile/Work-Projects/BillingAppEngine/target/test-classes/com/nmbbank/billing/]]
17:10:58.656 [main] DEBUG org.springframework.core.io.support.PathMatchingResourcePatternResolver - Looking for matching resources in directory tree [/Users/paul.msegeya/Agile/Work-Projects/BillingAppEngine/target/test-classes/com/nmbbank/billing]
17:10:58.657 [main] DEBUG org.springframework.core.io.support.PathMatchingResourcePatternResolver - Searching directory [/Users/paul.msegeya/Agile/Work-Projects/BillingAppEngine/target/test-classes/com/nmbbank/billing] for files matching pattern [/Users/paul.msegeya/Agile/Work-Projects/BillingAppEngine/target/test-classes/com/nmbbank/billing/*.class]
17:10:58.658 [main] DEBUG org.springframework.core.io.support.PathMatchingResourcePatternResolver - Resolved location pattern [classpath*:com/nmbbank/billing/*.class] to resources [file [/Users/paul.msegeya/Agile/Work-Projects/BillingAppEngine/target/test-classes/com/nmbbank/billing/TestAdviceGenerationService.class], file [/Users/paul.msegeya/Agile/Work-Projects/BillingAppEngine/target/test-classes/com/nmbbank/billing/TestBillingRefferenceGeneratorService.class]]
17:10:58.661 [main] DEBUG org.springframework.core.io.support.PathMatchingResourcePatternResolver - Resolved classpath location [com/nmbbank/] to resources [URL [file:/Users/paul.msegeya/Agile/Work-Projects/BillingAppEngine/target/test-classes/com/nmbbank/], URL [file:/Users/paul.msegeya/Agile/Work-Projects/BillingAppEngine/target/classes/com/nmbbank/]]
17:10:58.661 [main] DEBUG org.springframework.core.io.support.PathMatchingResourcePatternResolver - Looking for matching resources in directory tree [/Users/paul.msegeya/Agile/Work-Projects/BillingAppEngine/target/test-classes/com/nmbbank]
17:10:58.661 [main] DEBUG org.springframework.core.io.support.PathMatchingResourcePatternResolver - Searching directory [/Users/paul.msegeya/Agile/Work-Projects/BillingAppEngine/target/test-classes/com/nmbbank] for files matching pattern [/Users/paul.msegeya/Agile/Work-Projects/BillingAppEngine/target/test-classes/com/nmbbank/*.class]
17:10:58.662 [main] DEBUG org.springframework.core.io.support.PathMatchingResourcePatternResolver - Looking for matching resources in directory tree [/Users/paul.msegeya/Agile/Work-Projects/BillingAppEngine/target/classes/com/nmbbank]
17:10:58.662 [main] DEBUG org.springframework.core.io.support.PathMatchingResourcePatternResolver - Searching directory [/Users/paul.msegeya/Agile/Work-Projects/BillingAppEngine/target/classes/com/nmbbank] for files matching pattern [/Users/paul.msegeya/Agile/Work-Projects/BillingAppEngine/target/classes/com/nmbbank/*.class]
17:10:58.663 [main] DEBUG org.springframework.core.io.support.PathMatchingResourcePatternResolver - Resolved location pattern [classpath*:com/nmbbank/*.class] to resources []
17:10:58.665 [main] DEBUG org.springframework.core.io.support.PathMatchingResourcePatternResolver - Resolved classpath location [com/] to resources [URL [jar:file:/Library/Java/Extensions/mysql-connector-java-8.0.7-dmr.jar!/com/], URL [jar:file:/System/Library/Java/Extensions/MRJToolkit.jar!/com/], URL [file:/Users/paul.msegeya/Agile/Work-Projects/BillingAppEngine/target/test-classes/com/], URL [file:/Users/paul.msegeya/Agile/Work-Projects/BillingAppEngine/target/classes/com/], URL [jar:file:/Users/paul.msegeya/.m2/repository/com/jayway/jsonpath/json-path/2.2.0/json-path-2.2.0.jar!/com/], URL [jar:file:/Users/paul.msegeya/.m2/repository/com/fasterxml/jackson/dataformat/jackson-dataformat-xml/2.7.5/jackson-dataformat-xml-2.7.5.jar!/com/], URL [jar:file:/Users/paul.msegeya/.m2/repository/com/fasterxml/jackson/core/jackson-core/2.8.5/jackson-core-2.8.5.jar!/com/], URL [jar:file:/Users/paul.msegeya/.m2/repository/com/fasterxml/jackson/core/jackson-annotations/2.8.5/jackson-annotations-2.8.5.jar!/com/], URL [jar:file:/Users/paul.msegeya/.m2/repository/com/fasterxml/jackson/core/jackson-databind/2.8.5/jackson-databind-2.8.5.jar!/com/], URL [jar:file:/Users/paul.msegeya/.m2/repository/com/fasterxml/jackson/module/jackson-module-jaxb-annotations/2.8.5/jackson-module-jaxb-annotations-2.8.5.jar!/com/], URL [jar:file:/Users/paul.msegeya/.m2/repository/org/projectlombok/lombok/1.16.18/lombok-1.16.18.jar!/com/]]
17:10:58.665 [main] DEBUG org.springframework.core.io.support.PathMatchingResourcePatternResolver - Looking for matching resources in jar file [file:/Library/Java/Extensions/mysql-connector-java-8.0.7-dmr.jar]
17:10:58.673 [main] DEBUG org.springframework.core.io.support.PathMatchingResourcePatternResolver - Looking for matching resources in jar file [file:/System/Library/Java/Extensions/MRJToolkit.jar]
17:10:58.674 [main] DEBUG org.springframework.core.io.support.PathMatchingResourcePatternResolver - Looking for matching resources in directory tree [/Users/paul.msegeya/Agile/Work-Projects/BillingAppEngine/target/test-classes/com]
17:10:58.674 [main] DEBUG org.springframework.core.io.support.PathMatchingResourcePatternResolver - Searching directory [/Users/paul.msegeya/Agile/Work-Projects/BillingAppEngine/target/test-classes/com] for files matching pattern [/Users/paul.msegeya/Agile/Work-Projects/BillingAppEngine/target/test-classes/com/*.class]
17:10:58.675 [main] DEBUG org.springframework.core.io.support.PathMatchingResourcePatternResolver - Looking for matching resources in directory tree [/Users/paul.msegeya/Agile/Work-Projects/BillingAppEngine/target/classes/com]
17:10:58.675 [main] DEBUG org.springframework.core.io.support.PathMatchingResourcePatternResolver - Searching directory [/Users/paul.msegeya/Agile/Work-Projects/BillingAppEngine/target/classes/com] for files matching pattern [/Users/paul.msegeya/Agile/Work-Projects/BillingAppEngine/target/classes/com/*.class]
17:10:58.675 [main] DEBUG org.springframework.core.io.support.PathMatchingResourcePatternResolver - Looking for matching resources in jar file [file:/Users/paul.msegeya/.m2/repository/com/jayway/jsonpath/json-path/2.2.0/json-path-2.2.0.jar]
17:10:58.676 [main] DEBUG org.springframework.core.io.support.PathMatchingResourcePatternResolver - Looking for matching resources in jar file [file:/Users/paul.msegeya/.m2/repository/com/fasterxml/jackson/dataformat/jackson-dataformat-xml/2.7.5/jackson-dataformat-xml-2.7.5.jar]
17:10:58.677 [main] DEBUG org.springframework.core.io.support.PathMatchingResourcePatternResolver - Looking for matching resources in jar file [file:/Users/paul.msegeya/.m2/repository/com/fasterxml/jackson/core/jackson-core/2.8.5/jackson-core-2.8.5.jar]
17:10:58.678 [main] DEBUG org.springframework.core.io.support.PathMatchingResourcePatternResolver - Looking for matching resources in jar file [file:/Users/paul.msegeya/.m2/repository/com/fasterxml/jackson/core/jackson-annotations/2.8.5/jackson-annotations-2.8.5.jar]
17:10:58.678 [main] DEBUG org.springframework.core.io.support.PathMatchingResourcePatternResolver - Looking for matching resources in jar file [file:/Users/paul.msegeya/.m2/repository/com/fasterxml/jackson/core/jackson-databind/2.8.5/jackson-databind-2.8.5.jar]
17:10:58.683 [main] DEBUG org.springframework.core.io.support.PathMatchingResourcePatternResolver - Looking for matching resources in jar file [file:/Users/paul.msegeya/.m2/repository/com/fasterxml/jackson/module/jackson-module-jaxb-annotations/2.8.5/jackson-module-jaxb-annotations-2.8.5.jar]
17:10:58.685 [main] DEBUG org.springframework.core.io.support.PathMatchingResourcePatternResolver - Looking for matching resources in jar file [file:/Users/paul.msegeya/.m2/repository/org/projectlombok/lombok/1.16.18/lombok-1.16.18.jar]
17:10:58.688 [main] DEBUG org.springframework.core.io.support.PathMatchingResourcePatternResolver - Resolved location pattern [classpath*:com/*.class] to resources []
]]></system-out>
  </testcase>
</testsuite>